Build started 10/09/2015 10:49:08 AM.
     1>Project "c:\Users\peng.jiang\documents\visual studio 2010\Projects\design_pattern_by_shape_example\design_pattern_by_shape_example\design_pattern_by_shape_example.vcxproj" on node 2 (build target(s)).
     1>InitializeBuildStatus:
         Touching "Debug\design_pattern_by_shape_example.unsuccessfulbuild".
       ClCompile:
         All outputs are up-to-date.
         C:\Program Files (x86)\Microsoft Visual Studio 10.0\VC\bin\CL.exe /c /ZI /nologo /W3 /WX- /Od /Oy- /D WIN32 /D _DEBUG /D _CONSOLE /D _UNICODE /D UNICODE /Gm /EHsc /RTC1 /MDd /GS /fp:precise /Zc:wchar_t /Zc:forScope /Yu"StdAfx.h" /Fp"Debug\design_pattern_by_shape_example.pch" /Fo"Debug\\" /Fd"Debug\vc100.pdb" /Gd /TP /analyze- /errorReport:prompt Decorator.cpp
         Decorator.cpp
       ManifestResourceCompile:
         All outputs are up-to-date.
       Link:
         C:\Program Files (x86)\Microsoft Visual Studio 10.0\VC\bin\link.exe /ERRORREPORT:PROMPT /OUT:"c:\users\peng.jiang\documents\visual studio 2010\Projects\design_pattern_by_shape_example\Debug\design_pattern_by_shape_example.exe" /INCREMENTAL /NOLOGO kernel32.lib user32.lib gdi32.lib winspool.lib comdlg32.lib advapi32.lib shell32.lib ole32.lib oleaut32.lib uuid.lib odbc32.lib odbccp32.lib /MANIFEST /ManifestFile:"Debug\design_pattern_by_shape_example.exe.intermediate.manifest" /MANIFESTUAC:"level='asInvoker' uiAccess='false'" /DEBUG /PDB:"c:\users\peng.jiang\documents\visual studio 2010\Projects\design_pattern_by_shape_example\Debug\design_pattern_by_shape_example.pdb" /SUBSYSTEM:CONSOLE /TLBID:1 /DYNAMICBASE /NXCOMPAT /IMPLIB:"c:\users\peng.jiang\documents\visual studio 2010\Projects\design_pattern_by_shape_example\Debug\design_pattern_by_shape_example.lib" /MACHINE:X86 Debug\design_pattern_by_shape_example.exe.embed.manifest.res
         Debug\abstractfactory.obj
         Debug\adaptor.obj
         Debug\composite.obj
         Debug\Decorator.obj
         Debug\design_pattern_by_shape_example.obj
         Debug\shape.obj
         Debug\singleton.obj
         Debug\stdafx.obj
       Manifest:
         C:\Program Files (x86)\Microsoft SDKs\Windows\v7.0A\bin\mt.exe /nologo /verbose /out:"Debug\design_pattern_by_shape_example.exe.embed.manifest" /manifest Debug\design_pattern_by_shape_example.exe.intermediate.manifest
         All outputs are up-to-date.
       LinkEmbedManifest:
         All outputs are up-to-date.
         design_pattern_by_shape_example.vcxproj -> c:\users\peng.jiang\documents\visual studio 2010\Projects\design_pattern_by_shape_example\Debug\design_pattern_by_shape_example.exe
       FinalizeBuildStatus:
         Deleting file "Debug\design_pattern_by_shape_example.unsuccessfulbuild".
         Touching "Debug\design_pattern_by_shape_example.lastbuildstate".
     1>Done Building Project "c:\Users\peng.jiang\documents\visual studio 2010\Projects\design_pattern_by_shape_example\design_pattern_by_shape_example\design_pattern_by_shape_example.vcxproj" (build target(s)).

Build succeeded.

Time Elapsed 00:00:00.59
